<?xml version="1.0" encoding="UTF-8"?>
<testsuite xmlns:xsi="http://www.w3.org/2001/XMLSchema-instance" xsi:noNamespaceSchemaLocation="https://maven.apache.org/surefire/maven-surefire-plugin/xsd/surefire-test-report.xsd" name="AccountEmailServiceTest" time="0.029" tests="1" errors="1" skipped="0" failures="0">
  <properties>
[...]
</properties>
  <testcase name="initializationError" classname="AccountEmailServiceTest" time="0.006">
    <error message="Method startMailServer() should be public" type="java.lang.Exception">java.lang.Exception: Method startMailServer() should be public
</error>
  </testcase>
</testsuite>